<?xml version="1.0" encoding="UTF-8"?>
<!-- Generated by org.testng.reporters.JUnitXMLReporter -->
<testsuite hostname="J-DEV" name="Default test" tests="32" failures="0" timestamp="12 Jan 2016 19:34:07 GMT" time="7.772" errors="0">
  <testcase name="testCreateBucket" time="0.0" classname="org.jgroups.protocols.S3_PING2Test"/>
  <testcase name="testGeneratePreSignedUrlForDelete" time="0.14" classname="org.jgroups.protocols.S3_PING2Test"/>
  <testcase name="testGeneratePreSignedUrlForPut" time="0.0" classname="org.jgroups.protocols.S3_PING2Test"/>
  <testcase name="testGenerateQueryStringAuthenticationWithBasicGet" time="0.0" classname="org.jgroups.protocols.S3_PING2Test"/>
  <testcase name="testGenerateQueryStringAuthenticationWithBasicPost" time="0.016" classname="org.jgroups.protocols.S3_PING2Test"/>
  <testcase name="testGenerateQueryStringAuthenticationWithBasicPutAndHeaders" time="0.0" classname="org.jgroups.protocols.S3_PING2Test"/>
  <testcase name="testPreSignedUrlParserNoPrefix" time="0.0" classname="org.jgroups.protocols.S3_PING2Test"/>
  <testcase name="testPreSignedUrlParserWithComplexBucketName" time="0.0" classname="org.jgroups.protocols.S3_PING2Test"/>
  <testcase name="testPreSignedUrlParserWithPrefix" time="0.0" classname="org.jgroups.protocols.S3_PING2Test"/>
  <testcase name="testUsingPreSignedUrlWhenSet" time="0.0" classname="org.jgroups.protocols.S3_PING2Test"/>
  <testcase name="testValidatePropertiesWithBothPreSignedSetButNoBucket" time="0.0" classname="org.jgroups.protocols.S3_PING2Test"/>
  <testcase name="testValidatePropertiesWithBothPreSignedSetButNoFile" time="0.0" classname="org.jgroups.protocols.S3_PING2Test"/>
  <testcase name="testValidatePropertiesWithBothPreSignedSetButTooManySubdirectories" time="0.0" classname="org.jgroups.protocols.S3_PING2Test"/>
  <testcase name="testValidatePropertiesWithBothPreSignedSetToValid" time="0.0" classname="org.jgroups.protocols.S3_PING2Test"/>
  <testcase name="testValidatePropertiesWithBothPreSignedSetToValidSubdirectory" time="0.0" classname="org.jgroups.protocols.S3_PING2Test"/>
  <testcase name="testValidatePropertiesWithPreSignedPutSet" time="0.0" classname="org.jgroups.protocols.S3_PING2Test"/>
  <testcase name="testValidatePropertiesWithPreSignedDeleteSet" time="0.0" classname="org.jgroups.protocols.S3_PING2Test"/>
  <testcase name="testUsingPreSignedUrlWhenNotSet" time="0.0" classname="org.jgroups.protocols.S3_PING2Test"/>
  <testcase name="testCheckBucketExists" time="0.977" classname="org.jgroups.protocols.S3_PING2Test"/>
  <testcase name="testListAllMyBuckets" time="0.503" classname="org.jgroups.protocols.S3_PING2Test"/>
  <testcase name="testPutAcl" time="1.407" classname="org.jgroups.protocols.S3_PING2Test"/>
  <testcase name="testPutBucketLogging" time="0.344" classname="org.jgroups.protocols.S3_PING2Test"/>
  <testcase name="testPutBucketRequestPayment" time="0.391" classname="org.jgroups.protocols.S3_PING2Test"/>
  <testcase name="testPutObject" time="0.172" classname="org.jgroups.protocols.S3_PING2Test"/>
  <testcase name="testGetObject" time="0.187" classname="org.jgroups.protocols.S3_PING2Test"/>
  <testcase name="testListBucket" time="0.187" classname="org.jgroups.protocols.S3_PING2Test"/>
  <testcase name="testDeleteObject" time="0.36" classname="org.jgroups.protocols.S3_PING2Test"/>
  <testcase name="testGetAcl" time="0.203" classname="org.jgroups.protocols.S3_PING2Test"/>
  <testcase name="testGetBucketLocation" time="1.471" classname="org.jgroups.protocols.S3_PING2Test"/>
  <testcase name="testGetBucketLogging" time="0.172" classname="org.jgroups.protocols.S3_PING2Test"/>
  <testcase name="testGetBucketRequestPayment" time="0.172" classname="org.jgroups.protocols.S3_PING2Test"/>
  <testcase name="testDeleteBucket" time="0.0" classname="org.jgroups.protocols.S3_PING2Test"/>
</testsuite> <!-- Default test -->
