<?xml version="1.0" encoding="UTF-8"?>
<testng-results skipped="0" failed="0" total="6" passed="6">
  <reporter-output>
  </reporter-output>
  <suite name="Default suite" duration-ms="6778" started-at="2016-03-19T20:29:23Z" finished-at="2016-03-19T20:29:30Z">
    <groups>
    </groups>
    <test name="Default test" duration-ms="6778" started-at="2016-03-19T20:29:23Z" finished-at="2016-03-19T20:29:30Z">
      <class name="org.jgroups.protocols.aws.v4.requests.s3.AWS_AUTH4Test">
        <test-method status="PASS" signature="setUp()[pri:0, instance:org.jgroups.protocols.aws.v4.requests.s3.AWS_AUTH4Test@611353a7]" name="setUp" is-config="true" duration-ms="16" started-at="2016-03-19T15:29:23Z" finished-at="2016-03-19T15:29:23Z">
          <reporter-output>
          </reporter-output>
        </test-method> <!-- setUp -->
        <test-method status="PASS" signature="testListAllMyBuckets()[pri:0, instance:org.jgroups.protocols.aws.v4.requests.s3.AWS_AUTH4Test@611353a7]" name="testListAllMyBuckets" duration-ms="672" started-at="2016-03-19T15:29:23Z" finished-at="2016-03-19T15:29:24Z">
          <reporter-output>
          </reporter-output>
        </test-method> <!-- testListAllMyBuckets -->
        <test-method status="PASS" signature="testBucketExists()[pri:0, instance:org.jgroups.protocols.aws.v4.requests.s3.AWS_AUTH4Test@611353a7]" name="testBucketExists" duration-ms="3803" started-at="2016-03-19T15:29:24Z" depends-on-methods="org.jgroups.protocols.aws.v4.requests.s3.AWS_AUTH4Test.testListAllMyBuckets" finished-at="2016-03-19T15:29:28Z">
          <reporter-output>
          </reporter-output>
        </test-method> <!-- testBucketExists -->
        <test-method status="PASS" signature="testPutObject()[pri:0, instance:org.jgroups.protocols.aws.v4.requests.s3.AWS_AUTH4Test@611353a7]" name="testPutObject" duration-ms="1167" started-at="2016-03-19T15:29:28Z" depends-on-methods="org.jgroups.protocols.aws.v4.requests.s3.AWS_AUTH4Test.testBucketExists" finished-at="2016-03-19T15:29:29Z">
          <reporter-output>
          </reporter-output>
        </test-method> <!-- testPutObject -->
        <test-method status="PASS" signature="testGetBucketLocation()[pri:0, instance:org.jgroups.protocols.aws.v4.requests.s3.AWS_AUTH4Test@611353a7]" name="testGetBucketLocation" duration-ms="162" started-at="2016-03-19T15:29:29Z" depends-on-methods="org.jgroups.protocols.aws.v4.requests.s3.AWS_AUTH4Test.testPutObject" finished-at="2016-03-19T15:29:29Z">
          <reporter-output>
          </reporter-output>
        </test-method> <!-- testGetBucketLocation -->
        <test-method status="PASS" signature="testGetObject()[pri:0, instance:org.jgroups.protocols.aws.v4.requests.s3.AWS_AUTH4Test@611353a7]" name="testGetObject" duration-ms="167" started-at="2016-03-19T15:29:29Z" depends-on-methods="org.jgroups.protocols.aws.v4.requests.s3.AWS_AUTH4Test.testPutObject" finished-at="2016-03-19T15:29:29Z">
          <reporter-output>
          </reporter-output>
        </test-method> <!-- testGetObject -->
        <test-method status="PASS" signature="testGetPresignedURL()[pri:0, instance:org.jgroups.protocols.aws.v4.requests.s3.AWS_AUTH4Test@611353a7]" name="testGetPresignedURL" duration-ms="734" started-at="2016-03-19T15:29:29Z" depends-on-methods="org.jgroups.protocols.aws.v4.requests.s3.AWS_AUTH4Test.testPutObject" finished-at="2016-03-19T15:29:30Z">
          <reporter-output>
          </reporter-output>
        </test-method> <!-- testGetPresignedURL -->
      </class> <!-- org.jgroups.protocols.aws.v4.requests.s3.AWS_AUTH4Test -->
    </test> <!-- Default test -->
  </suite> <!-- Default suite -->
</testng-results>
